2026-04-06 07:25:02 [error]: PrismaClientKnownRequestError: 
Invalid `prisma.admin.findUnique()` invocation in
C:\Users\akshi\Videos\wild-main\backend\src\controllers\adminController.js:12:38

   9 try {
  10   const { email, password } = req.body;
  11 
→ 12   const admin = await prisma.admin.findUnique(
Server has closed the connection.
    at $n.handleRequestError (C:\Users\akshi\Videos\wild-main\backend\node_modules\@prisma\client\runtime\library.js:121:7315)
    at $n.handleAndLogRequestError (C:\Users\akshi\Videos\wild-main\backend\node_modules\@prisma\client\runtime\library.js:121:6623)
    at $n.request (C:\Users\akshi\Videos\wild-main\backend\node_modules\@prisma\client\runtime\library.js:121:6307)
    at async l (C:\Users\akshi\Videos\wild-main\backend\node_modules\@prisma\client\runtime\library.js:130:9633)
    at async login (C:\Users\akshi\Videos\wild-main\backend\src\controllers\adminController.js:12:19)
2026-04-06 07:28:02 [error]: PrismaClientKnownRequestError: 
Invalid `prisma.admin.findUnique()` invocation in
C:\Users\akshi\Videos\wild-main\backend\src\controllers\adminController.js:12:38

   9 try {
  10   const { email, password } = req.body;
  11 
→ 12   const admin = await prisma.admin.findUnique(
Can't reach database server at `aws-1-ap-northeast-2.pooler.supabase.com:6543`

Please make sure your database server is running at `aws-1-ap-northeast-2.pooler.supabase.com:6543`.
    at $n.handleRequestError (C:\Users\akshi\Videos\wild-main\backend\node_modules\@prisma\client\runtime\library.js:121:7315)
    at $n.handleAndLogRequestError (C:\Users\akshi\Videos\wild-main\backend\node_modules\@prisma\client\runtime\library.js:121:6623)
    at $n.request (C:\Users\akshi\Videos\wild-main\backend\node_modules\@prisma\client\runtime\library.js:121:6307)
    at async l (C:\Users\akshi\Videos\wild-main\backend\node_modules\@prisma\client\runtime\library.js:130:9633)
    at async login (C:\Users\akshi\Videos\wild-main\backend\src\controllers\adminController.js:12:19)
2026-04-06 07:28:14 [error]: PrismaClientInitializationError: Can't reach database server at `aws-1-ap-northeast-2.pooler.supabase.com:6543`

Please make sure your database server is running at `aws-1-ap-northeast-2.pooler.supabase.com:6543`.
    at t (C:\Users\akshi\Videos\wild-main\backend\node_modules\@prisma\client\runtime\library.js:112:2488)
    at async startServer (C:\Users\akshi\Videos\wild-main\backend\src\server.js:13:5)
2026-04-06 08:49:28 [error]: PrismaClientKnownRequestError: 
Invalid `prisma.booking.delete()` invocation in
C:\Users\akshi\Videos\wild-main\backend\src\controllers\bookingController.js:120:32

  117 // DELETE /api/bookings/:id  — admin
  118 async function deleteBooking(req, res, next) {
  119   try {
→ 120     await prisma.booking.delete(
An operation failed because it depends on one or more records that were required but not found. Record to delete does not exist.
    at $n.handleRequestError (C:\Users\akshi\Videos\wild-main\backend\node_modules\@prisma\client\runtime\library.js:121:7315)
    at $n.handleAndLogRequestError (C:\Users\akshi\Videos\wild-main\backend\node_modules\@prisma\client\runtime\library.js:121:6623)
    at $n.request (C:\Users\akshi\Videos\wild-main\backend\node_modules\@prisma\client\runtime\library.js:121:6307)
    at async l (C:\Users\akshi\Videos\wild-main\backend\node_modules\@prisma\client\runtime\library.js:130:9633)
    at async deleteBooking (C:\Users\akshi\Videos\wild-main\backend\src\controllers\bookingController.js:120:5)
2026-04-06 08:49:29 [error]: PrismaClientKnownRequestError: 
Invalid `prisma.booking.delete()` invocation in
C:\Users\akshi\Videos\wild-main\backend\src\controllers\bookingController.js:120:32

  117 // DELETE /api/bookings/:id  — admin
  118 async function deleteBooking(req, res, next) {
  119   try {
→ 120     await prisma.booking.delete(
An operation failed because it depends on one or more records that were required but not found. Record to delete does not exist.
    at $n.handleRequestError (C:\Users\akshi\Videos\wild-main\backend\node_modules\@prisma\client\runtime\library.js:121:7315)
    at $n.handleAndLogRequestError (C:\Users\akshi\Videos\wild-main\backend\node_modules\@prisma\client\runtime\library.js:121:6623)
    at $n.request (C:\Users\akshi\Videos\wild-main\backend\node_modules\@prisma\client\runtime\library.js:121:6307)
    at async l (C:\Users\akshi\Videos\wild-main\backend\node_modules\@prisma\client\runtime\library.js:130:9633)
    at async deleteBooking (C:\Users\akshi\Videos\wild-main\backend\src\controllers\bookingController.js:120:5)
2026-04-06 08:49:29 [error]: PrismaClientKnownRequestError: 
Invalid `prisma.booking.delete()` invocation in
C:\Users\akshi\Videos\wild-main\backend\src\controllers\bookingController.js:120:32

  117 // DELETE /api/bookings/:id  — admin
  118 async function deleteBooking(req, res, next) {
  119   try {
→ 120     await prisma.booking.delete(
An operation failed because it depends on one or more records that were required but not found. Record to delete does not exist.
    at $n.handleRequestError (C:\Users\akshi\Videos\wild-main\backend\node_modules\@prisma\client\runtime\library.js:121:7315)
    at $n.handleAndLogRequestError (C:\Users\akshi\Videos\wild-main\backend\node_modules\@prisma\client\runtime\library.js:121:6623)
    at $n.request (C:\Users\akshi\Videos\wild-main\backend\node_modules\@prisma\client\runtime\library.js:121:6307)
    at async l (C:\Users\akshi\Videos\wild-main\backend\node_modules\@prisma\client\runtime\library.js:130:9633)
    at async deleteBooking (C:\Users\akshi\Videos\wild-main\backend\src\controllers\bookingController.js:120:5)
2026-04-06 08:49:29 [error]: PrismaClientKnownRequestError: 
Invalid `prisma.booking.delete()` invocation in
C:\Users\akshi\Videos\wild-main\backend\src\controllers\bookingController.js:120:32

  117 // DELETE /api/bookings/:id  — admin
  118 async function deleteBooking(req, res, next) {
  119   try {
→ 120     await prisma.booking.delete(
An operation failed because it depends on one or more records that were required but not found. Record to delete does not exist.
    at $n.handleRequestError (C:\Users\akshi\Videos\wild-main\backend\node_modules\@prisma\client\runtime\library.js:121:7315)
    at $n.handleAndLogRequestError (C:\Users\akshi\Videos\wild-main\backend\node_modules\@prisma\client\runtime\library.js:121:6623)
    at $n.request (C:\Users\akshi\Videos\wild-main\backend\node_modules\@prisma\client\runtime\library.js:121:6307)
    at async l (C:\Users\akshi\Videos\wild-main\backend\node_modules\@prisma\client\runtime\library.js:130:9633)
    at async deleteBooking (C:\Users\akshi\Videos\wild-main\backend\src\controllers\bookingController.js:120:5)
2026-04-06 08:49:29 [error]: PrismaClientKnownRequestError: 
Invalid `prisma.booking.delete()` invocation in
C:\Users\akshi\Videos\wild-main\backend\src\controllers\bookingController.js:120:32

  117 // DELETE /api/bookings/:id  — admin
  118 async function deleteBooking(req, res, next) {
  119   try {
→ 120     await prisma.booking.delete(
An operation failed because it depends on one or more records that were required but not found. Record to delete does not exist.
    at $n.handleRequestError (C:\Users\akshi\Videos\wild-main\backend\node_modules\@prisma\client\runtime\library.js:121:7315)
    at $n.handleAndLogRequestError (C:\Users\akshi\Videos\wild-main\backend\node_modules\@prisma\client\runtime\library.js:121:6623)
    at $n.request (C:\Users\akshi\Videos\wild-main\backend\node_modules\@prisma\client\runtime\library.js:121:6307)
    at async l (C:\Users\akshi\Videos\wild-main\backend\node_modules\@prisma\client\runtime\library.js:130:9633)
    at async deleteBooking (C:\Users\akshi\Videos\wild-main\backend\src\controllers\bookingController.js:120:5)
2026-04-06 08:49:29 [error]: PrismaClientKnownRequestError: 
Invalid `prisma.booking.delete()` invocation in
C:\Users\akshi\Videos\wild-main\backend\src\controllers\bookingController.js:120:32

  117 // DELETE /api/bookings/:id  — admin
  118 async function deleteBooking(req, res, next) {
  119   try {
→ 120     await prisma.booking.delete(
An operation failed because it depends on one or more records that were required but not found. Record to delete does not exist.
    at $n.handleRequestError (C:\Users\akshi\Videos\wild-main\backend\node_modules\@prisma\client\runtime\library.js:121:7315)
    at $n.handleAndLogRequestError (C:\Users\akshi\Videos\wild-main\backend\node_modules\@prisma\client\runtime\library.js:121:6623)
    at $n.request (C:\Users\akshi\Videos\wild-main\backend\node_modules\@prisma\client\runtime\library.js:121:6307)
    at async l (C:\Users\akshi\Videos\wild-main\backend\node_modules\@prisma\client\runtime\library.js:130:9633)
    at async deleteBooking (C:\Users\akshi\Videos\wild-main\backend\src\controllers\bookingController.js:120:5)
2026-04-06 14:13:50 [error]: PrismaClientKnownRequestError: 
Invalid `prisma.booking.count()` invocation in
C:\Users\akshi\Videos\wild-main\backend\src\controllers\bookingController.js:59:22

  56   skip,
  57   take: parseInt(limit),
  58 }),
→ 59 prisma.booking.count(
Error opening a TLS connection: self-signed certificate in certificate chain
    at Gr.handleRequestError (C:\Users\akshi\Videos\wild-main\backend\node_modules\@prisma\client\runtime\client.js:65:8286)
    at Gr.handleAndLogRequestError (C:\Users\akshi\Videos\wild-main\backend\node_modules\@prisma\client\runtime\client.js:65:7581)
    at Gr.request (C:\Users\akshi\Videos\wild-main\backend\node_modules\@prisma\client\runtime\client.js:65:7288)
    at process.processTicksAndRejections (node:internal/process/task_queues:105:5)
    at async a (C:\Users\akshi\Videos\wild-main\backend\node_modules\@prisma\client\runtime\client.js:75:6730)
    at async Promise.all (index 1)
    at async getAllBookings (C:\Users\akshi\Videos\wild-main\backend\src\controllers\bookingController.js:52:31)
2026-04-06 14:13:50 [error]: PrismaClientKnownRequestError: 
Invalid `prisma.booking.count()` invocation in
C:\Users\akshi\Videos\wild-main\backend\src\controllers\bookingController.js:216:22

  213 const [total, confirmed, pending, cancelled] = await Promise.all([
  214   prisma.booking.count(),
  215   prisma.booking.count({ where: { status: 'CONFIRMED' } }),
→ 216   prisma.booking.count(
Error opening a TLS connection: self-signed certificate in certificate chain
    at Gr.handleRequestError (C:\Users\akshi\Videos\wild-main\backend\node_modules\@prisma\client\runtime\client.js:65:8286)
    at Gr.handleAndLogRequestError (C:\Users\akshi\Videos\wild-main\backend\node_modules\@prisma\client\runtime\client.js:65:7581)
    at Gr.request (C:\Users\akshi\Videos\wild-main\backend\node_modules\@prisma\client\runtime\client.js:65:7288)
    at process.processTicksAndRejections (node:internal/process/task_queues:105:5)
    at async a (C:\Users\akshi\Videos\wild-main\backend\node_modules\@prisma\client\runtime\client.js:75:6730)
    at async Promise.all (index 2)
    at async getBookingStats (C:\Users\akshi\Videos\wild-main\backend\src\controllers\bookingController.js:213:52)
2026-04-06 14:13:51 [error]: PrismaClientKnownRequestError: 
Invalid `prisma.booking.count()` invocation in
C:\Users\akshi\Videos\wild-main\backend\src\controllers\bookingController.js:216:22

  213 const [total, confirmed, pending, cancelled] = await Promise.all([
  214   prisma.booking.count(),
  215   prisma.booking.count({ where: { status: 'CONFIRMED' } }),
→ 216   prisma.booking.count(
Error opening a TLS connection: self-signed certificate in certificate chain
    at Gr.handleRequestError (C:\Users\akshi\Videos\wild-main\backend\node_modules\@prisma\client\runtime\client.js:65:8286)
    at Gr.handleAndLogRequestError (C:\Users\akshi\Videos\wild-main\backend\node_modules\@prisma\client\runtime\client.js:65:7581)
    at Gr.request (C:\Users\akshi\Videos\wild-main\backend\node_modules\@prisma\client\runtime\client.js:65:7288)
    at process.processTicksAndRejections (node:internal/process/task_queues:105:5)
    at async a (C:\Users\akshi\Videos\wild-main\backend\node_modules\@prisma\client\runtime\client.js:75:6730)
    at async Promise.all (index 2)
    at async getBookingStats (C:\Users\akshi\Videos\wild-main\backend\src\controllers\bookingController.js:213:52)
2026-04-06 14:13:51 [error]: PrismaClientKnownRequestError: 
Invalid `prisma.booking.findMany()` invocation in
C:\Users\akshi\Videos\wild-main\backend\src\controllers\bookingController.js:53:22

  50 const where = status ? { status } : {};
  51 
  52 const [bookings, total] = await Promise.all([
→ 53   prisma.booking.findMany(
Error opening a TLS connection: self-signed certificate in certificate chain
    at Gr.handleRequestError (C:\Users\akshi\Videos\wild-main\backend\node_modules\@prisma\client\runtime\client.js:65:8286)
    at Gr.handleAndLogRequestError (C:\Users\akshi\Videos\wild-main\backend\node_modules\@prisma\client\runtime\client.js:65:7581)
    at Gr.request (C:\Users\akshi\Videos\wild-main\backend\node_modules\@prisma\client\runtime\client.js:65:7288)
    at process.processTicksAndRejections (node:internal/process/task_queues:105:5)
    at async a (C:\Users\akshi\Videos\wild-main\backend\node_modules\@prisma\client\runtime\client.js:75:6730)
    at async Promise.all (index 0)
    at async getAllBookings (C:\Users\akshi\Videos\wild-main\backend\src\controllers\bookingController.js:52:31)
2026-04-06 14:13:52 [error]: PrismaClientKnownRequestError: 
Invalid `prisma.booking.count()` invocation in
C:\Users\akshi\Videos\wild-main\backend\src\controllers\bookingController.js:214:22

  211 async function getBookingStats(req, res, next) {
  212   try {
  213     const [total, confirmed, pending, cancelled] = await Promise.all([
→ 214       prisma.booking.count(
Error opening a TLS connection: self-signed certificate in certificate chain
    at Gr.handleRequestError (C:\Users\akshi\Videos\wild-main\backend\node_modules\@prisma\client\runtime\client.js:65:8286)
    at Gr.handleAndLogRequestError (C:\Users\akshi\Videos\wild-main\backend\node_modules\@prisma\client\runtime\client.js:65:7581)
    at Gr.request (C:\Users\akshi\Videos\wild-main\backend\node_modules\@prisma\client\runtime\client.js:65:7288)
    at process.processTicksAndRejections (node:internal/process/task_queues:105:5)
    at async a (C:\Users\akshi\Videos\wild-main\backend\node_modules\@prisma\client\runtime\client.js:75:6730)
    at async Promise.all (index 0)
    at async getBookingStats (C:\Users\akshi\Videos\wild-main\backend\src\controllers\bookingController.js:213:52)
2026-04-06 14:13:52 [error]: PrismaClientKnownRequestError: 
Invalid `prisma.booking.findMany()` invocation in
C:\Users\akshi\Videos\wild-main\backend\src\controllers\bookingController.js:53:22

  50 const where = status ? { status } : {};
  51 
  52 const [bookings, total] = await Promise.all([
→ 53   prisma.booking.findMany(
Error opening a TLS connection: self-signed certificate in certificate chain
    at Gr.handleRequestError (C:\Users\akshi\Videos\wild-main\backend\node_modules\@prisma\client\runtime\client.js:65:8286)
    at Gr.handleAndLogRequestError (C:\Users\akshi\Videos\wild-main\backend\node_modules\@prisma\client\runtime\client.js:65:7581)
    at Gr.request (C:\Users\akshi\Videos\wild-main\backend\node_modules\@prisma\client\runtime\client.js:65:7288)
    at process.processTicksAndRejections (node:internal/process/task_queues:105:5)
    at async a (C:\Users\akshi\Videos\wild-main\backend\node_modules\@prisma\client\runtime\client.js:75:6730)
    at async Promise.all (index 0)
    at async getAllBookings (C:\Users\akshi\Videos\wild-main\backend\src\controllers\bookingController.js:52:31)
2026-04-06 14:13:53 [error]: PrismaClientKnownRequestError: 
Invalid `prisma.booking.count()` invocation in
C:\Users\akshi\Videos\wild-main\backend\src\controllers\bookingController.js:216:22

  213 const [total, confirmed, pending, cancelled] = await Promise.all([
  214   prisma.booking.count(),
  215   prisma.booking.count({ where: { status: 'CONFIRMED' } }),
→ 216   prisma.booking.count(
Error opening a TLS connection: self-signed certificate in certificate chain
    at Gr.handleRequestError (C:\Users\akshi\Videos\wild-main\backend\node_modules\@prisma\client\runtime\client.js:65:8286)
    at Gr.handleAndLogRequestError (C:\Users\akshi\Videos\wild-main\backend\node_modules\@prisma\client\runtime\client.js:65:7581)
    at Gr.request (C:\Users\akshi\Videos\wild-main\backend\node_modules\@prisma\client\runtime\client.js:65:7288)
    at process.processTicksAndRejections (node:internal/process/task_queues:105:5)
    at async a (C:\Users\akshi\Videos\wild-main\backend\node_modules\@prisma\client\runtime\client.js:75:6730)
    at async Promise.all (index 2)
    at async getBookingStats (C:\Users\akshi\Videos\wild-main\backend\src\controllers\bookingController.js:213:52)
2026-04-06 14:13:53 [error]: PrismaClientKnownRequestError: 
Invalid `prisma.booking.count()` invocation in
C:\Users\akshi\Videos\wild-main\backend\src\controllers\bookingController.js:59:22

  56   skip,
  57   take: parseInt(limit),
  58 }),
→ 59 prisma.booking.count(
Error opening a TLS connection: self-signed certificate in certificate chain
    at Gr.handleRequestError (C:\Users\akshi\Videos\wild-main\backend\node_modules\@prisma\client\runtime\client.js:65:8286)
    at Gr.handleAndLogRequestError (C:\Users\akshi\Videos\wild-main\backend\node_modules\@prisma\client\runtime\client.js:65:7581)
    at Gr.request (C:\Users\akshi\Videos\wild-main\backend\node_modules\@prisma\client\runtime\client.js:65:7288)
    at process.processTicksAndRejections (node:internal/process/task_queues:105:5)
    at async a (C:\Users\akshi\Videos\wild-main\backend\node_modules\@prisma\client\runtime\client.js:75:6730)
    at async Promise.all (index 1)
    at async getAllBookings (C:\Users\akshi\Videos\wild-main\backend\src\controllers\bookingController.js:52:31)
2026-04-06 14:15:57 [error]: PrismaClientKnownRequestError: 
Invalid `prisma.booking.findMany()` invocation in
C:\Users\akshi\Videos\wild-main\backend\src\controllers\bookingController.js:53:22

  50 const where = status ? { status } : {};
  51 
  52 const [bookings, total] = await Promise.all([
→ 53   prisma.booking.findMany(
Error opening a TLS connection: self-signed certificate in certificate chain
    at Gr.handleRequestError (C:\Users\akshi\Videos\wild-main\backend\node_modules\@prisma\client\runtime\client.js:65:8286)
    at Gr.handleAndLogRequestError (C:\Users\akshi\Videos\wild-main\backend\node_modules\@prisma\client\runtime\client.js:65:7581)
    at Gr.request (C:\Users\akshi\Videos\wild-main\backend\node_modules\@prisma\client\runtime\client.js:65:7288)
    at process.processTicksAndRejections (node:internal/process/task_queues:105:5)
    at async a (C:\Users\akshi\Videos\wild-main\backend\node_modules\@prisma\client\runtime\client.js:75:6730)
    at async Promise.all (index 0)
    at async getAllBookings (C:\Users\akshi\Videos\wild-main\backend\src\controllers\bookingController.js:52:31)
2026-04-06 14:15:57 [error]: PrismaClientKnownRequestError: 
Invalid `prisma.booking.count()` invocation in
C:\Users\akshi\Videos\wild-main\backend\src\controllers\bookingController.js:214:22

  211 async function getBookingStats(req, res, next) {
  212   try {
  213     const [total, confirmed, pending, cancelled] = await Promise.all([
→ 214       prisma.booking.count(
Error opening a TLS connection: self-signed certificate in certificate chain
    at Gr.handleRequestError (C:\Users\akshi\Videos\wild-main\backend\node_modules\@prisma\client\runtime\client.js:65:8286)
    at Gr.handleAndLogRequestError (C:\Users\akshi\Videos\wild-main\backend\node_modules\@prisma\client\runtime\client.js:65:7581)
    at Gr.request (C:\Users\akshi\Videos\wild-main\backend\node_modules\@prisma\client\runtime\client.js:65:7288)
    at process.processTicksAndRejections (node:internal/process/task_queues:105:5)
    at async a (C:\Users\akshi\Videos\wild-main\backend\node_modules\@prisma\client\runtime\client.js:75:6730)
    at async Promise.all (index 0)
    at async getBookingStats (C:\Users\akshi\Videos\wild-main\backend\src\controllers\bookingController.js:213:52)
2026-04-06 14:15:58 [error]: PrismaClientKnownRequestError: 
Invalid `prisma.booking.count()` invocation in
C:\Users\akshi\Videos\wild-main\backend\src\controllers\bookingController.js:217:22

  214 prisma.booking.count(),
  215 prisma.booking.count({ where: { status: 'CONFIRMED' } }),
  216 prisma.booking.count({ where: { status: 'PENDING' } }),
→ 217 prisma.booking.count(
Error opening a TLS connection: self-signed certificate in certificate chain
    at Gr.handleRequestError (C:\Users\akshi\Videos\wild-main\backend\node_modules\@prisma\client\runtime\client.js:65:8286)
    at Gr.handleAndLogRequestError (C:\Users\akshi\Videos\wild-main\backend\node_modules\@prisma\client\runtime\client.js:65:7581)
    at Gr.request (C:\Users\akshi\Videos\wild-main\backend\node_modules\@prisma\client\runtime\client.js:65:7288)
    at process.processTicksAndRejections (node:internal/process/task_queues:105:5)
    at async a (C:\Users\akshi\Videos\wild-main\backend\node_modules\@prisma\client\runtime\client.js:75:6730)
    at async Promise.all (index 3)
    at async getBookingStats (C:\Users\akshi\Videos\wild-main\backend\src\controllers\bookingController.js:213:52)
2026-04-06 14:15:58 [error]: PrismaClientKnownRequestError: 
Invalid `prisma.booking.count()` invocation in
C:\Users\akshi\Videos\wild-main\backend\src\controllers\bookingController.js:59:22

  56   skip,
  57   take: parseInt(limit),
  58 }),
→ 59 prisma.booking.count(
Error opening a TLS connection: self-signed certificate in certificate chain
    at Gr.handleRequestError (C:\Users\akshi\Videos\wild-main\backend\node_modules\@prisma\client\runtime\client.js:65:8286)
    at Gr.handleAndLogRequestError (C:\Users\akshi\Videos\wild-main\backend\node_modules\@prisma\client\runtime\client.js:65:7581)
    at Gr.request (C:\Users\akshi\Videos\wild-main\backend\node_modules\@prisma\client\runtime\client.js:65:7288)
    at process.processTicksAndRejections (node:internal/process/task_queues:105:5)
    at async a (C:\Users\akshi\Videos\wild-main\backend\node_modules\@prisma\client\runtime\client.js:75:6730)
    at async Promise.all (index 1)
    at async getAllBookings (C:\Users\akshi\Videos\wild-main\backend\src\controllers\bookingController.js:52:31)
2026-04-06 14:31:25 [error]: PrismaClientKnownRequestError: 
Invalid `prisma.blog.findMany()` invocation in
C:\Users\akshi\Videos\wild-main\backend\src\controllers\blogController.js:34:37

  31 const { published } = req.query;
  32 const where = published === 'true' ? { published: true } : {};
  33 
→ 34 const blogs = await prisma.blog.findMany(
The table `public.blogs` does not exist in the current database.
    at Gr.handleRequestError (C:\Users\akshi\Videos\wild-main\backend\node_modules\@prisma\client\runtime\client.js:65:8286)
    at Gr.handleAndLogRequestError (C:\Users\akshi\Videos\wild-main\backend\node_modules\@prisma\client\runtime\client.js:65:7581)
    at Gr.request (C:\Users\akshi\Videos\wild-main\backend\node_modules\@prisma\client\runtime\client.js:65:7288)
    at process.processTicksAndRejections (node:internal/process/task_queues:105:5)
    at async a (C:\Users\akshi\Videos\wild-main\backend\node_modules\@prisma\client\runtime\client.js:75:6730)
    at async getAllBlogs (C:\Users\akshi\Videos\wild-main\backend\src\controllers\blogController.js:34:19)
2026-04-06 14:31:25 [error]: PrismaClientKnownRequestError: 
Invalid `prisma.blog.findMany()` invocation in
C:\Users\akshi\Videos\wild-main\backend\src\controllers\blogController.js:34:37

  31 const { published } = req.query;
  32 const where = published === 'true' ? { published: true } : {};
  33 
→ 34 const blogs = await prisma.blog.findMany(
The table `public.blogs` does not exist in the current database.
    at Gr.handleRequestError (C:\Users\akshi\Videos\wild-main\backend\node_modules\@prisma\client\runtime\client.js:65:8286)
    at Gr.handleAndLogRequestError (C:\Users\akshi\Videos\wild-main\backend\node_modules\@prisma\client\runtime\client.js:65:7581)
    at Gr.request (C:\Users\akshi\Videos\wild-main\backend\node_modules\@prisma\client\runtime\client.js:65:7288)
    at process.processTicksAndRejections (node:internal/process/task_queues:105:5)
    at async a (C:\Users\akshi\Videos\wild-main\backend\node_modules\@prisma\client\runtime\client.js:75:6730)
    at async getAllBlogs (C:\Users\akshi\Videos\wild-main\backend\src\controllers\blogController.js:34:19)
2026-04-06 14:31:35 [error]: PrismaClientKnownRequestError: 
Invalid `prisma.hotelContent.findFirst()` invocation in
C:\Users\akshi\Videos\wild-main\backend\src\controllers\hotelController.js:6:43

  3 // Since there's usually only one hotel record, we'll use upsert logic
  4 async function getHotelContent(req, res, next) {
  5   try {
→ 6     let hotel = await prisma.hotelContent.findFirst(
The table `public.hotel_content` does not exist in the current database.
    at Gr.handleRequestError (C:\Users\akshi\Videos\wild-main\backend\node_modules\@prisma\client\runtime\client.js:65:8286)
    at Gr.handleAndLogRequestError (C:\Users\akshi\Videos\wild-main\backend\node_modules\@prisma\client\runtime\client.js:65:7581)
    at Gr.request (C:\Users\akshi\Videos\wild-main\backend\node_modules\@prisma\client\runtime\client.js:65:7288)
    at process.processTicksAndRejections (node:internal/process/task_queues:105:5)
    at async a (C:\Users\akshi\Videos\wild-main\backend\node_modules\@prisma\client\runtime\client.js:75:6730)
    at async getHotelContent (C:\Users\akshi\Videos\wild-main\backend\src\controllers\hotelController.js:6:17)
2026-04-06 14:31:35 [error]: PrismaClientKnownRequestError: 
Invalid `prisma.blog.findMany()` invocation in
C:\Users\akshi\Videos\wild-main\backend\src\controllers\blogController.js:34:37

  31 const { published } = req.query;
  32 const where = published === 'true' ? { published: true } : {};
  33 
→ 34 const blogs = await prisma.blog.findMany(
The table `public.blogs` does not exist in the current database.
    at Gr.handleRequestError (C:\Users\akshi\Videos\wild-main\backend\node_modules\@prisma\client\runtime\client.js:65:8286)
    at Gr.handleAndLogRequestError (C:\Users\akshi\Videos\wild-main\backend\node_modules\@prisma\client\runtime\client.js:65:7581)
    at Gr.request (C:\Users\akshi\Videos\wild-main\backend\node_modules\@prisma\client\runtime\client.js:65:7288)
    at process.processTicksAndRejections (node:internal/process/task_queues:105:5)
    at async a (C:\Users\akshi\Videos\wild-main\backend\node_modules\@prisma\client\runtime\client.js:75:6730)
    at async getAllBlogs (C:\Users\akshi\Videos\wild-main\backend\src\controllers\blogController.js:34:19)
2026-04-06 14:31:35 [error]: PrismaClientKnownRequestError: 
Invalid `prisma.hotelContent.findFirst()` invocation in
C:\Users\akshi\Videos\wild-main\backend\src\controllers\hotelController.js:6:43

  3 // Since there's usually only one hotel record, we'll use upsert logic
  4 async function getHotelContent(req, res, next) {
  5   try {
→ 6     let hotel = await prisma.hotelContent.findFirst(
The table `public.hotel_content` does not exist in the current database.
    at Gr.handleRequestError (C:\Users\akshi\Videos\wild-main\backend\node_modules\@prisma\client\runtime\client.js:65:8286)
    at Gr.handleAndLogRequestError (C:\Users\akshi\Videos\wild-main\backend\node_modules\@prisma\client\runtime\client.js:65:7581)
    at Gr.request (C:\Users\akshi\Videos\wild-main\backend\node_modules\@prisma\client\runtime\client.js:65:7288)
    at process.processTicksAndRejections (node:internal/process/task_queues:105:5)
    at async a (C:\Users\akshi\Videos\wild-main\backend\node_modules\@prisma\client\runtime\client.js:75:6730)
    at async getHotelContent (C:\Users\akshi\Videos\wild-main\backend\src\controllers\hotelController.js:6:17)
2026-04-06 14:31:35 [error]: PrismaClientKnownRequestError: 
Invalid `prisma.blog.findMany()` invocation in
C:\Users\akshi\Videos\wild-main\backend\src\controllers\blogController.js:34:37

  31 const { published } = req.query;
  32 const where = published === 'true' ? { published: true } : {};
  33 
→ 34 const blogs = await prisma.blog.findMany(
The table `public.blogs` does not exist in the current database.
    at Gr.handleRequestError (C:\Users\akshi\Videos\wild-main\backend\node_modules\@prisma\client\runtime\client.js:65:8286)
    at Gr.handleAndLogRequestError (C:\Users\akshi\Videos\wild-main\backend\node_modules\@prisma\client\runtime\client.js:65:7581)
    at Gr.request (C:\Users\akshi\Videos\wild-main\backend\node_modules\@prisma\client\runtime\client.js:65:7288)
    at process.processTicksAndRejections (node:internal/process/task_queues:105:5)
    at async a (C:\Users\akshi\Videos\wild-main\backend\node_modules\@prisma\client\runtime\client.js:75:6730)
    at async getAllBlogs (C:\Users\akshi\Videos\wild-main\backend\src\controllers\blogController.js:34:19)
2026-04-06 14:31:48 [error]: PrismaClientKnownRequestError: 
Invalid `prisma.blog.create()` invocation in
C:\Users\akshi\Videos\wild-main\backend\src\controllers\blogController.js:9:36

  6 try {
  7   const { title, content, excerpt, imageUrl, author, published } = req.body;
  8 
→ 9   const blog = await prisma.blog.create(
The table `public.blogs` does not exist in the current database.
    at Gr.handleRequestError (C:\Users\akshi\Videos\wild-main\backend\node_modules\@prisma\client\runtime\client.js:65:8286)
    at Gr.handleAndLogRequestError (C:\Users\akshi\Videos\wild-main\backend\node_modules\@prisma\client\runtime\client.js:65:7581)
    at Gr.request (C:\Users\akshi\Videos\wild-main\backend\node_modules\@prisma\client\runtime\client.js:65:7288)
    at process.processTicksAndRejections (node:internal/process/task_queues:105:5)
    at async a (C:\Users\akshi\Videos\wild-main\backend\node_modules\@prisma\client\runtime\client.js:75:6730)
    at async createBlog (C:\Users\akshi\Videos\wild-main\backend\src\controllers\blogController.js:9:18)
2026-04-06 14:32:26 [error]: PrismaClientKnownRequestError: 
Invalid `prisma.blog.create()` invocation in
C:\Users\akshi\Videos\wild-main\backend\src\controllers\blogController.js:9:36

  6 try {
  7   const { title, content, excerpt, imageUrl, author, published } = req.body;
  8 
→ 9   const blog = await prisma.blog.create(
The table `public.blogs` does not exist in the current database.
    at Gr.handleRequestError (C:\Users\akshi\Videos\wild-main\backend\node_modules\@prisma\client\runtime\client.js:65:8286)
    at Gr.handleAndLogRequestError (C:\Users\akshi\Videos\wild-main\backend\node_modules\@prisma\client\runtime\client.js:65:7581)
    at Gr.request (C:\Users\akshi\Videos\wild-main\backend\node_modules\@prisma\client\runtime\client.js:65:7288)
    at process.processTicksAndRejections (node:internal/process/task_queues:105:5)
    at async a (C:\Users\akshi\Videos\wild-main\backend\node_modules\@prisma\client\runtime\client.js:75:6730)
    at async createBlog (C:\Users\akshi\Videos\wild-main\backend\src\controllers\blogController.js:9:18)
2026-04-06 14:34:56 [error]: PrismaClientKnownRequestError: 
Invalid `prisma.blog.create()` invocation in
C:\Users\akshi\Videos\wild-main\backend\src\controllers\blogController.js:9:36

  6 try {
  7   const { title, content, excerpt, imageUrl, author, published } = req.body;
  8 
→ 9   const blog = await prisma.blog.create(
The table `public.blogs` does not exist in the current database.
    at Gr.handleRequestError (C:\Users\akshi\Videos\wild-main\backend\node_modules\@prisma\client\runtime\client.js:65:8286)
    at Gr.handleAndLogRequestError (C:\Users\akshi\Videos\wild-main\backend\node_modules\@prisma\client\runtime\client.js:65:7581)
    at Gr.request (C:\Users\akshi\Videos\wild-main\backend\node_modules\@prisma\client\runtime\client.js:65:7288)
    at process.processTicksAndRejections (node:internal/process/task_queues:105:5)
    at async a (C:\Users\akshi\Videos\wild-main\backend\node_modules\@prisma\client\runtime\client.js:75:6730)
    at async createBlog (C:\Users\akshi\Videos\wild-main\backend\src\controllers\blogController.js:9:18)
2026-04-06 14:35:03 [error]: PrismaClientKnownRequestError: 
Invalid `prisma.blog.create()` invocation in
C:\Users\akshi\Videos\wild-main\backend\src\controllers\blogController.js:9:36

  6 try {
  7   const { title, content, excerpt, imageUrl, author, published } = req.body;
  8 
→ 9   const blog = await prisma.blog.create(
The table `public.blogs` does not exist in the current database.
    at Gr.handleRequestError (C:\Users\akshi\Videos\wild-main\backend\node_modules\@prisma\client\runtime\client.js:65:8286)
    at Gr.handleAndLogRequestError (C:\Users\akshi\Videos\wild-main\backend\node_modules\@prisma\client\runtime\client.js:65:7581)
    at Gr.request (C:\Users\akshi\Videos\wild-main\backend\node_modules\@prisma\client\runtime\client.js:65:7288)
    at process.processTicksAndRejections (node:internal/process/task_queues:105:5)
    at async a (C:\Users\akshi\Videos\wild-main\backend\node_modules\@prisma\client\runtime\client.js:75:6730)
    at async createBlog (C:\Users\akshi\Videos\wild-main\backend\src\controllers\blogController.js:9:18)
2026-04-06 14:37:37 [error]: PrismaClientKnownRequestError: 
Invalid `prisma.blog.create()` invocation in
C:\Users\akshi\Videos\wild-main\backend\src\controllers\blogController.js:9:36

  6 try {
  7   const { title, content, excerpt, imageUrl, author, published } = req.body;
  8 
→ 9   const blog = await prisma.blog.create(
The table `public.blogs` does not exist in the current database.
    at Gr.handleRequestError (C:\Users\akshi\Videos\wild-main\backend\node_modules\@prisma\client\runtime\client.js:65:8286)
    at Gr.handleAndLogRequestError (C:\Users\akshi\Videos\wild-main\backend\node_modules\@prisma\client\runtime\client.js:65:7581)
    at Gr.request (C:\Users\akshi\Videos\wild-main\backend\node_modules\@prisma\client\runtime\client.js:65:7288)
    at process.processTicksAndRejections (node:internal/process/task_queues:105:5)
    at async a (C:\Users\akshi\Videos\wild-main\backend\node_modules\@prisma\client\runtime\client.js:75:6730)
    at async createBlog (C:\Users\akshi\Videos\wild-main\backend\src\controllers\blogController.js:9:18)
2026-04-06 14:46:02 [error]: PrismaClientKnownRequestError: 
Invalid `prisma.blog.create()` invocation in
C:\Users\akshi\Videos\wild-main\backend\src\controllers\blogController.js:9:36

  6 try {
  7   const { title, content, excerpt, imageUrl, author, published } = req.body;
  8 
→ 9   const blog = await prisma.blog.create(
The table `public.blogs` does not exist in the current database.
    at Gr.handleRequestError (C:\Users\akshi\Videos\wild-main\backend\node_modules\@prisma\client\runtime\client.js:65:8286)
    at Gr.handleAndLogRequestError (C:\Users\akshi\Videos\wild-main\backend\node_modules\@prisma\client\runtime\client.js:65:7581)
    at Gr.request (C:\Users\akshi\Videos\wild-main\backend\node_modules\@prisma\client\runtime\client.js:65:7288)
    at process.processTicksAndRejections (node:internal/process/task_queues:105:5)
    at async a (C:\Users\akshi\Videos\wild-main\backend\node_modules\@prisma\client\runtime\client.js:75:6730)
    at async createBlog (C:\Users\akshi\Videos\wild-main\backend\src\controllers\blogController.js:9:18)
2026-04-06 14:52:05 [error]: PrismaClientKnownRequestError: 
Invalid `prisma.blog.findMany()` invocation in
C:\Users\akshi\Videos\wild-main\backend\src\controllers\blogController.js:34:37

  31 const { published } = req.query;
  32 const where = published === 'true' ? { published: true } : {};
  33 
→ 34 const blogs = await prisma.blog.findMany(
The table `public.blogs` does not exist in the current database.
    at Gr.handleRequestError (C:\Users\akshi\Videos\wild-main\backend\node_modules\@prisma\client\runtime\client.js:65:8286)
    at Gr.handleAndLogRequestError (C:\Users\akshi\Videos\wild-main\backend\node_modules\@prisma\client\runtime\client.js:65:7581)
    at Gr.request (C:\Users\akshi\Videos\wild-main\backend\node_modules\@prisma\client\runtime\client.js:65:7288)
    at process.processTicksAndRejections (node:internal/process/task_queues:105:5)
    at async a (C:\Users\akshi\Videos\wild-main\backend\node_modules\@prisma\client\runtime\client.js:75:6730)
    at async getAllBlogs (C:\Users\akshi\Videos\wild-main\backend\src\controllers\blogController.js:34:19)
2026-04-06 14:52:05 [error]: PrismaClientKnownRequestError: 
Invalid `prisma.hotelContent.findFirst()` invocation in
C:\Users\akshi\Videos\wild-main\backend\src\controllers\hotelController.js:6:43

  3 // Since there's usually only one hotel record, we'll use upsert logic
  4 async function getHotelContent(req, res, next) {
  5   try {
→ 6     let hotel = await prisma.hotelContent.findFirst(
The table `public.hotel_content` does not exist in the current database.
    at Gr.handleRequestError (C:\Users\akshi\Videos\wild-main\backend\node_modules\@prisma\client\runtime\client.js:65:8286)
    at Gr.handleAndLogRequestError (C:\Users\akshi\Videos\wild-main\backend\node_modules\@prisma\client\runtime\client.js:65:7581)
    at Gr.request (C:\Users\akshi\Videos\wild-main\backend\node_modules\@prisma\client\runtime\client.js:65:7288)
    at process.processTicksAndRejections (node:internal/process/task_queues:105:5)
    at async a (C:\Users\akshi\Videos\wild-main\backend\node_modules\@prisma\client\runtime\client.js:75:6730)
    at async getHotelContent (C:\Users\akshi\Videos\wild-main\backend\src\controllers\hotelController.js:6:17)
2026-04-06 14:52:05 [error]: PrismaClientKnownRequestError: 
Invalid `prisma.blog.findMany()` invocation in
C:\Users\akshi\Videos\wild-main\backend\src\controllers\blogController.js:34:37

  31 const { published } = req.query;
  32 const where = published === 'true' ? { published: true } : {};
  33 
→ 34 const blogs = await prisma.blog.findMany(
The table `public.blogs` does not exist in the current database.
    at Gr.handleRequestError (C:\Users\akshi\Videos\wild-main\backend\node_modules\@prisma\client\runtime\client.js:65:8286)
    at Gr.handleAndLogRequestError (C:\Users\akshi\Videos\wild-main\backend\node_modules\@prisma\client\runtime\client.js:65:7581)
    at Gr.request (C:\Users\akshi\Videos\wild-main\backend\node_modules\@prisma\client\runtime\client.js:65:7288)
    at process.processTicksAndRejections (node:internal/process/task_queues:105:5)
    at async a (C:\Users\akshi\Videos\wild-main\backend\node_modules\@prisma\client\runtime\client.js:75:6730)
    at async getAllBlogs (C:\Users\akshi\Videos\wild-main\backend\src\controllers\blogController.js:34:19)
2026-04-06 14:52:05 [error]: PrismaClientKnownRequestError: 
Invalid `prisma.hotelContent.findFirst()` invocation in
C:\Users\akshi\Videos\wild-main\backend\src\controllers\hotelController.js:6:43

  3 // Since there's usually only one hotel record, we'll use upsert logic
  4 async function getHotelContent(req, res, next) {
  5   try {
→ 6     let hotel = await prisma.hotelContent.findFirst(
The table `public.hotel_content` does not exist in the current database.
    at Gr.handleRequestError (C:\Users\akshi\Videos\wild-main\backend\node_modules\@prisma\client\runtime\client.js:65:8286)
    at Gr.handleAndLogRequestError (C:\Users\akshi\Videos\wild-main\backend\node_modules\@prisma\client\runtime\client.js:65:7581)
    at Gr.request (C:\Users\akshi\Videos\wild-main\backend\node_modules\@prisma\client\runtime\client.js:65:7288)
    at process.processTicksAndRejections (node:internal/process/task_queues:105:5)
    at async a (C:\Users\akshi\Videos\wild-main\backend\node_modules\@prisma\client\runtime\client.js:75:6730)
    at async getHotelContent (C:\Users\akshi\Videos\wild-main\backend\src\controllers\hotelController.js:6:17)
2026-04-06 14:57:36 [error]: Error: CORS: http://localhost:3001 not allowed
    at origin (C:\Users\akshi\Videos\wild-main\backend\src\app.js:39:16)
    at C:\Users\akshi\Videos\wild-main\backend\node_modules\cors\lib\index.js:219:13
    at optionsCallback (C:\Users\akshi\Videos\wild-main\backend\node_modules\cors\lib\index.js:199:9)
    at corsMiddleware (C:\Users\akshi\Videos\wild-main\backend\node_modules\cors\lib\index.js:204:7)
    at Layer.handle [as handle_request] (C:\Users\akshi\Videos\wild-main\backend\node_modules\express\lib\router\layer.js:95:5)
    at trim_prefix (C:\Users\akshi\Videos\wild-main\backend\node_modules\express\lib\router\index.js:328:13)
    at C:\Users\akshi\Videos\wild-main\backend\node_modules\express\lib\router\index.js:286:9
    at Function.process_params (C:\Users\akshi\Videos\wild-main\backend\node_modules\express\lib\router\index.js:346:12)
    at next (C:\Users\akshi\Videos\wild-main\backend\node_modules\express\lib\router\index.js:280:10)
    at internalNext (C:\Users\akshi\Videos\wild-main\backend\node_modules\helmet\index.cjs:537:6)
2026-04-06 14:57:36 [error]: Error: CORS: http://localhost:3001 not allowed
    at origin (C:\Users\akshi\Videos\wild-main\backend\src\app.js:39:16)
    at C:\Users\akshi\Videos\wild-main\backend\node_modules\cors\lib\index.js:219:13
    at optionsCallback (C:\Users\akshi\Videos\wild-main\backend\node_modules\cors\lib\index.js:199:9)
    at corsMiddleware (C:\Users\akshi\Videos\wild-main\backend\node_modules\cors\lib\index.js:204:7)
    at Layer.handle [as handle_request] (C:\Users\akshi\Videos\wild-main\backend\node_modules\express\lib\router\layer.js:95:5)
    at trim_prefix (C:\Users\akshi\Videos\wild-main\backend\node_modules\express\lib\router\index.js:328:13)
    at C:\Users\akshi\Videos\wild-main\backend\node_modules\express\lib\router\index.js:286:9
    at Function.process_params (C:\Users\akshi\Videos\wild-main\backend\node_modules\express\lib\router\index.js:346:12)
    at next (C:\Users\akshi\Videos\wild-main\backend\node_modules\express\lib\router\index.js:280:10)
    at internalNext (C:\Users\akshi\Videos\wild-main\backend\node_modules\helmet\index.cjs:537:6)
2026-04-06 14:57:36 [error]: Error: CORS: http://localhost:3001 not allowed
    at origin (C:\Users\akshi\Videos\wild-main\backend\src\app.js:39:16)
    at C:\Users\akshi\Videos\wild-main\backend\node_modules\cors\lib\index.js:219:13
    at optionsCallback (C:\Users\akshi\Videos\wild-main\backend\node_modules\cors\lib\index.js:199:9)
    at corsMiddleware (C:\Users\akshi\Videos\wild-main\backend\node_modules\cors\lib\index.js:204:7)
    at Layer.handle [as handle_request] (C:\Users\akshi\Videos\wild-main\backend\node_modules\express\lib\router\layer.js:95:5)
    at trim_prefix (C:\Users\akshi\Videos\wild-main\backend\node_modules\express\lib\router\index.js:328:13)
    at C:\Users\akshi\Videos\wild-main\backend\node_modules\express\lib\router\index.js:286:9
    at Function.process_params (C:\Users\akshi\Videos\wild-main\backend\node_modules\express\lib\router\index.js:346:12)
    at next (C:\Users\akshi\Videos\wild-main\backend\node_modules\express\lib\router\index.js:280:10)
    at internalNext (C:\Users\akshi\Videos\wild-main\backend\node_modules\helmet\index.cjs:537:6)
2026-04-06 14:57:36 [error]: Error: CORS: http://localhost:3001 not allowed
    at origin (C:\Users\akshi\Videos\wild-main\backend\src\app.js:39:16)
    at C:\Users\akshi\Videos\wild-main\backend\node_modules\cors\lib\index.js:219:13
    at optionsCallback (C:\Users\akshi\Videos\wild-main\backend\node_modules\cors\lib\index.js:199:9)
    at corsMiddleware (C:\Users\akshi\Videos\wild-main\backend\node_modules\cors\lib\index.js:204:7)
    at Layer.handle [as handle_request] (C:\Users\akshi\Videos\wild-main\backend\node_modules\express\lib\router\layer.js:95:5)
    at trim_prefix (C:\Users\akshi\Videos\wild-main\backend\node_modules\express\lib\router\index.js:328:13)
    at C:\Users\akshi\Videos\wild-main\backend\node_modules\express\lib\router\index.js:286:9
    at Function.process_params (C:\Users\akshi\Videos\wild-main\backend\node_modules\express\lib\router\index.js:346:12)
    at next (C:\Users\akshi\Videos\wild-main\backend\node_modules\express\lib\router\index.js:280:10)
    at internalNext (C:\Users\akshi\Videos\wild-main\backend\node_modules\helmet\index.cjs:537:6)
2026-04-06 14:59:41 [error]: PrismaClientKnownRequestError: 
Invalid `prisma.hotelContent.findFirst()` invocation in
C:\Users\akshi\Videos\wild-main\backend\src\controllers\hotelController.js:6:43

  3 // Since there's usually only one hotel record, we'll use upsert logic
  4 async function getHotelContent(req, res, next) {
  5   try {
→ 6     let hotel = await prisma.hotelContent.findFirst(
The table `public.hotel_content` does not exist in the current database.
    at Gr.handleRequestError (C:\Users\akshi\Videos\wild-main\backend\node_modules\@prisma\client\runtime\client.js:65:8286)
    at Gr.handleAndLogRequestError (C:\Users\akshi\Videos\wild-main\backend\node_modules\@prisma\client\runtime\client.js:65:7581)
    at Gr.request (C:\Users\akshi\Videos\wild-main\backend\node_modules\@prisma\client\runtime\client.js:65:7288)
    at process.processTicksAndRejections (node:internal/process/task_queues:105:5)
    at async a (C:\Users\akshi\Videos\wild-main\backend\node_modules\@prisma\client\runtime\client.js:75:6730)
    at async getHotelContent (C:\Users\akshi\Videos\wild-main\backend\src\controllers\hotelController.js:6:17)
2026-04-06 14:59:41 [error]: PrismaClientKnownRequestError: 
Invalid `prisma.blog.findMany()` invocation in
C:\Users\akshi\Videos\wild-main\backend\src\controllers\blogController.js:34:37

  31 const { published } = req.query;
  32 const where = published === 'true' ? { published: true } : {};
  33 
→ 34 const blogs = await prisma.blog.findMany(
The table `public.blogs` does not exist in the current database.
    at Gr.handleRequestError (C:\Users\akshi\Videos\wild-main\backend\node_modules\@prisma\client\runtime\client.js:65:8286)
    at Gr.handleAndLogRequestError (C:\Users\akshi\Videos\wild-main\backend\node_modules\@prisma\client\runtime\client.js:65:7581)
    at Gr.request (C:\Users\akshi\Videos\wild-main\backend\node_modules\@prisma\client\runtime\client.js:65:7288)
    at process.processTicksAndRejections (node:internal/process/task_queues:105:5)
    at async a (C:\Users\akshi\Videos\wild-main\backend\node_modules\@prisma\client\runtime\client.js:75:6730)
    at async getAllBlogs (C:\Users\akshi\Videos\wild-main\backend\src\controllers\blogController.js:34:19)
2026-04-06 14:59:42 [error]: PrismaClientKnownRequestError: 
Invalid `prisma.hotelContent.findFirst()` invocation in
C:\Users\akshi\Videos\wild-main\backend\src\controllers\hotelController.js:6:43

  3 // Since there's usually only one hotel record, we'll use upsert logic
  4 async function getHotelContent(req, res, next) {
  5   try {
→ 6     let hotel = await prisma.hotelContent.findFirst(
The table `public.hotel_content` does not exist in the current database.
    at Gr.handleRequestError (C:\Users\akshi\Videos\wild-main\backend\node_modules\@prisma\client\runtime\client.js:65:8286)
    at Gr.handleAndLogRequestError (C:\Users\akshi\Videos\wild-main\backend\node_modules\@prisma\client\runtime\client.js:65:7581)
    at Gr.request (C:\Users\akshi\Videos\wild-main\backend\node_modules\@prisma\client\runtime\client.js:65:7288)
    at process.processTicksAndRejections (node:internal/process/task_queues:105:5)
    at async a (C:\Users\akshi\Videos\wild-main\backend\node_modules\@prisma\client\runtime\client.js:75:6730)
    at async getHotelContent (C:\Users\akshi\Videos\wild-main\backend\src\controllers\hotelController.js:6:17)
2026-04-06 14:59:42 [error]: PrismaClientKnownRequestError: 
Invalid `prisma.blog.findMany()` invocation in
C:\Users\akshi\Videos\wild-main\backend\src\controllers\blogController.js:34:37

  31 const { published } = req.query;
  32 const where = published === 'true' ? { published: true } : {};
  33 
→ 34 const blogs = await prisma.blog.findMany(
The table `public.blogs` does not exist in the current database.
    at Gr.handleRequestError (C:\Users\akshi\Videos\wild-main\backend\node_modules\@prisma\client\runtime\client.js:65:8286)
    at Gr.handleAndLogRequestError (C:\Users\akshi\Videos\wild-main\backend\node_modules\@prisma\client\runtime\client.js:65:7581)
    at Gr.request (C:\Users\akshi\Videos\wild-main\backend\node_modules\@prisma\client\runtime\client.js:65:7288)
    at process.processTicksAndRejections (node:internal/process/task_queues:105:5)
    at async a (C:\Users\akshi\Videos\wild-main\backend\node_modules\@prisma\client\runtime\client.js:75:6730)
    at async getAllBlogs (C:\Users\akshi\Videos\wild-main\backend\src\controllers\blogController.js:34:19)
2026-04-06 21:53:48 [error]: Error: CORS: http://localhost:3001 not allowed
    at origin (C:\Users\akshi\Videos\wild-main\backend\src\app.js:39:16)
    at C:\Users\akshi\Videos\wild-main\backend\node_modules\cors\lib\index.js:219:13
    at optionsCallback (C:\Users\akshi\Videos\wild-main\backend\node_modules\cors\lib\index.js:199:9)
    at corsMiddleware (C:\Users\akshi\Videos\wild-main\backend\node_modules\cors\lib\index.js:204:7)
    at Layer.handle [as handle_request] (C:\Users\akshi\Videos\wild-main\backend\node_modules\express\lib\router\layer.js:95:5)
    at trim_prefix (C:\Users\akshi\Videos\wild-main\backend\node_modules\express\lib\router\index.js:328:13)
    at C:\Users\akshi\Videos\wild-main\backend\node_modules\express\lib\router\index.js:286:9
    at Function.process_params (C:\Users\akshi\Videos\wild-main\backend\node_modules\express\lib\router\index.js:346:12)
    at next (C:\Users\akshi\Videos\wild-main\backend\node_modules\express\lib\router\index.js:280:10)
    at internalNext (C:\Users\akshi\Videos\wild-main\backend\node_modules\helmet\index.cjs:537:6)
2026-04-06 21:53:48 [error]: Error: CORS: http://localhost:3001 not allowed
    at origin (C:\Users\akshi\Videos\wild-main\backend\src\app.js:39:16)
    at C:\Users\akshi\Videos\wild-main\backend\node_modules\cors\lib\index.js:219:13
    at optionsCallback (C:\Users\akshi\Videos\wild-main\backend\node_modules\cors\lib\index.js:199:9)
    at corsMiddleware (C:\Users\akshi\Videos\wild-main\backend\node_modules\cors\lib\index.js:204:7)
    at Layer.handle [as handle_request] (C:\Users\akshi\Videos\wild-main\backend\node_modules\express\lib\router\layer.js:95:5)
    at trim_prefix (C:\Users\akshi\Videos\wild-main\backend\node_modules\express\lib\router\index.js:328:13)
    at C:\Users\akshi\Videos\wild-main\backend\node_modules\express\lib\router\index.js:286:9
    at Function.process_params (C:\Users\akshi\Videos\wild-main\backend\node_modules\express\lib\router\index.js:346:12)
    at next (C:\Users\akshi\Videos\wild-main\backend\node_modules\express\lib\router\index.js:280:10)
    at internalNext (C:\Users\akshi\Videos\wild-main\backend\node_modules\helmet\index.cjs:537:6)
2026-04-06 21:53:48 [error]: Error: CORS: http://localhost:3001 not allowed
    at origin (C:\Users\akshi\Videos\wild-main\backend\src\app.js:39:16)
    at C:\Users\akshi\Videos\wild-main\backend\node_modules\cors\lib\index.js:219:13
    at optionsCallback (C:\Users\akshi\Videos\wild-main\backend\node_modules\cors\lib\index.js:199:9)
    at corsMiddleware (C:\Users\akshi\Videos\wild-main\backend\node_modules\cors\lib\index.js:204:7)
    at Layer.handle [as handle_request] (C:\Users\akshi\Videos\wild-main\backend\node_modules\express\lib\router\layer.js:95:5)
    at trim_prefix (C:\Users\akshi\Videos\wild-main\backend\node_modules\express\lib\router\index.js:328:13)
    at C:\Users\akshi\Videos\wild-main\backend\node_modules\express\lib\router\index.js:286:9
    at Function.process_params (C:\Users\akshi\Videos\wild-main\backend\node_modules\express\lib\router\index.js:346:12)
    at next (C:\Users\akshi\Videos\wild-main\backend\node_modules\express\lib\router\index.js:280:10)
    at internalNext (C:\Users\akshi\Videos\wild-main\backend\node_modules\helmet\index.cjs:537:6)
2026-04-06 21:54:43 [error]: Error: CORS: http://localhost:3001 not allowed
    at origin (C:\Users\akshi\Videos\wild-main\backend\src\app.js:39:16)
    at C:\Users\akshi\Videos\wild-main\backend\node_modules\cors\lib\index.js:219:13
    at optionsCallback (C:\Users\akshi\Videos\wild-main\backend\node_modules\cors\lib\index.js:199:9)
    at corsMiddleware (C:\Users\akshi\Videos\wild-main\backend\node_modules\cors\lib\index.js:204:7)
    at Layer.handle [as handle_request] (C:\Users\akshi\Videos\wild-main\backend\node_modules\express\lib\router\layer.js:95:5)
    at trim_prefix (C:\Users\akshi\Videos\wild-main\backend\node_modules\express\lib\router\index.js:328:13)
    at C:\Users\akshi\Videos\wild-main\backend\node_modules\express\lib\router\index.js:286:9
    at Function.process_params (C:\Users\akshi\Videos\wild-main\backend\node_modules\express\lib\router\index.js:346:12)
    at next (C:\Users\akshi\Videos\wild-main\backend\node_modules\express\lib\router\index.js:280:10)
    at internalNext (C:\Users\akshi\Videos\wild-main\backend\node_modules\helmet\index.cjs:537:6)
2026-04-06 21:54:43 [error]: Error: CORS: http://localhost:3001 not allowed
    at origin (C:\Users\akshi\Videos\wild-main\backend\src\app.js:39:16)
    at C:\Users\akshi\Videos\wild-main\backend\node_modules\cors\lib\index.js:219:13
    at optionsCallback (C:\Users\akshi\Videos\wild-main\backend\node_modules\cors\lib\index.js:199:9)
    at corsMiddleware (C:\Users\akshi\Videos\wild-main\backend\node_modules\cors\lib\index.js:204:7)
    at Layer.handle [as handle_request] (C:\Users\akshi\Videos\wild-main\backend\node_modules\express\lib\router\layer.js:95:5)
    at trim_prefix (C:\Users\akshi\Videos\wild-main\backend\node_modules\express\lib\router\index.js:328:13)
    at C:\Users\akshi\Videos\wild-main\backend\node_modules\express\lib\router\index.js:286:9
    at Function.process_params (C:\Users\akshi\Videos\wild-main\backend\node_modules\express\lib\router\index.js:346:12)
    at next (C:\Users\akshi\Videos\wild-main\backend\node_modules\express\lib\router\index.js:280:10)
    at internalNext (C:\Users\akshi\Videos\wild-main\backend\node_modules\helmet\index.cjs:537:6)
2026-04-06 21:54:43 [error]: Error: CORS: http://localhost:3001 not allowed
    at origin (C:\Users\akshi\Videos\wild-main\backend\src\app.js:39:16)
    at C:\Users\akshi\Videos\wild-main\backend\node_modules\cors\lib\index.js:219:13
    at optionsCallback (C:\Users\akshi\Videos\wild-main\backend\node_modules\cors\lib\index.js:199:9)
    at corsMiddleware (C:\Users\akshi\Videos\wild-main\backend\node_modules\cors\lib\index.js:204:7)
    at Layer.handle [as handle_request] (C:\Users\akshi\Videos\wild-main\backend\node_modules\express\lib\router\layer.js:95:5)
    at trim_prefix (C:\Users\akshi\Videos\wild-main\backend\node_modules\express\lib\router\index.js:328:13)
    at C:\Users\akshi\Videos\wild-main\backend\node_modules\express\lib\router\index.js:286:9
    at Function.process_params (C:\Users\akshi\Videos\wild-main\backend\node_modules\express\lib\router\index.js:346:12)
    at next (C:\Users\akshi\Videos\wild-main\backend\node_modules\express\lib\router\index.js:280:10)
    at internalNext (C:\Users\akshi\Videos\wild-main\backend\node_modules\helmet\index.cjs:537:6)
2026-04-06 21:55:04 [error]: Error: CORS: http://localhost:3001 not allowed
    at origin (C:\Users\akshi\Videos\wild-main\backend\src\app.js:39:16)
    at C:\Users\akshi\Videos\wild-main\backend\node_modules\cors\lib\index.js:219:13
    at optionsCallback (C:\Users\akshi\Videos\wild-main\backend\node_modules\cors\lib\index.js:199:9)
    at corsMiddleware (C:\Users\akshi\Videos\wild-main\backend\node_modules\cors\lib\index.js:204:7)
    at Layer.handle [as handle_request] (C:\Users\akshi\Videos\wild-main\backend\node_modules\express\lib\router\layer.js:95:5)
    at trim_prefix (C:\Users\akshi\Videos\wild-main\backend\node_modules\express\lib\router\index.js:328:13)
    at C:\Users\akshi\Videos\wild-main\backend\node_modules\express\lib\router\index.js:286:9
    at Function.process_params (C:\Users\akshi\Videos\wild-main\backend\node_modules\express\lib\router\index.js:346:12)
    at next (C:\Users\akshi\Videos\wild-main\backend\node_modules\express\lib\router\index.js:280:10)
    at internalNext (C:\Users\akshi\Videos\wild-main\backend\node_modules\helmet\index.cjs:537:6)
2026-04-06 21:55:04 [error]: Error: CORS: http://localhost:3001 not allowed
    at origin (C:\Users\akshi\Videos\wild-main\backend\src\app.js:39:16)
    at C:\Users\akshi\Videos\wild-main\backend\node_modules\cors\lib\index.js:219:13
    at optionsCallback (C:\Users\akshi\Videos\wild-main\backend\node_modules\cors\lib\index.js:199:9)
    at corsMiddleware (C:\Users\akshi\Videos\wild-main\backend\node_modules\cors\lib\index.js:204:7)
    at Layer.handle [as handle_request] (C:\Users\akshi\Videos\wild-main\backend\node_modules\express\lib\router\layer.js:95:5)
    at trim_prefix (C:\Users\akshi\Videos\wild-main\backend\node_modules\express\lib\router\index.js:328:13)
    at C:\Users\akshi\Videos\wild-main\backend\node_modules\express\lib\router\index.js:286:9
    at Function.process_params (C:\Users\akshi\Videos\wild-main\backend\node_modules\express\lib\router\index.js:346:12)
    at next (C:\Users\akshi\Videos\wild-main\backend\node_modules\express\lib\router\index.js:280:10)
    at internalNext (C:\Users\akshi\Videos\wild-main\backend\node_modules\helmet\index.cjs:537:6)
2026-04-06 21:55:04 [error]: Error: CORS: http://localhost:3001 not allowed
    at origin (C:\Users\akshi\Videos\wild-main\backend\src\app.js:39:16)
    at C:\Users\akshi\Videos\wild-main\backend\node_modules\cors\lib\index.js:219:13
    at optionsCallback (C:\Users\akshi\Videos\wild-main\backend\node_modules\cors\lib\index.js:199:9)
    at corsMiddleware (C:\Users\akshi\Videos\wild-main\backend\node_modules\cors\lib\index.js:204:7)
    at Layer.handle [as handle_request] (C:\Users\akshi\Videos\wild-main\backend\node_modules\express\lib\router\layer.js:95:5)
    at trim_prefix (C:\Users\akshi\Videos\wild-main\backend\node_modules\express\lib\router\index.js:328:13)
    at C:\Users\akshi\Videos\wild-main\backend\node_modules\express\lib\router\index.js:286:9
    at Function.process_params (C:\Users\akshi\Videos\wild-main\backend\node_modules\express\lib\router\index.js:346:12)
    at next (C:\Users\akshi\Videos\wild-main\backend\node_modules\express\lib\router\index.js:280:10)
    at internalNext (C:\Users\akshi\Videos\wild-main\backend\node_modules\helmet\index.cjs:537:6)
