2026-04-03 11:33:01 [error]: PrismaClientInitializationError: Can't reach database server at `aws-1-ap-northeast-2.pooler.supabase.com:6543`

Please make sure your database server is running at `aws-1-ap-northeast-2.pooler.supabase.com:6543`.
    at t (C:\Users\akshi\Videos\wild-main\backend\node_modules\@prisma\client\runtime\library.js:112:2488)
    at async startServer (C:\Users\akshi\Videos\wild-main\backend\src\server.js:13:5)
2026-04-03 11:37:50 [error]: PrismaClientInitializationError: Can't reach database server at `aws-1-ap-northeast-2.pooler.supabase.com:6543`

Please make sure your database server is running at `aws-1-ap-northeast-2.pooler.supabase.com:6543`.
    at t (C:\Users\akshi\Videos\wild-main\backend\node_modules\@prisma\client\runtime\library.js:112:2488)
    at async startServer (C:\Users\akshi\Videos\wild-main\backend\src\server.js:13:5)
2026-04-03 11:41:05 [error]: PrismaClientInitializationError: Can't reach database server at `aws-1-ap-northeast-2.pooler.supabase.com:6543`

Please make sure your database server is running at `aws-1-ap-northeast-2.pooler.supabase.com:6543`.
    at t (C:\Users\akshi\Videos\wild-main\backend\node_modules\@prisma\client\runtime\library.js:112:2488)
    at async startServer (C:\Users\akshi\Videos\wild-main\backend\src\server.js:13:5)
2026-04-03 11:42:01 [error]: PrismaClientInitializationError: Can't reach database server at `aws-1-ap-northeast-2.pooler.supabase.com:6543`

Please make sure your database server is running at `aws-1-ap-northeast-2.pooler.supabase.com:6543`.
    at t (C:\Users\akshi\Videos\wild-main\backend\node_modules\@prisma\client\runtime\library.js:112:2488)
    at async startServer (C:\Users\akshi\Videos\wild-main\backend\src\server.js:13:5)
2026-04-03 11:50:18 [error]: PrismaClientInitializationError: Error querying the database: FATAL: Circuit breaker open: Unable to establish connection to upstream database
    at t (C:\Users\akshi\Videos\wild-main\backend\node_modules\@prisma\client\runtime\library.js:112:2488)
    at async startServer (C:\Users\akshi\Videos\wild-main\backend\src\server.js:13:5)
2026-04-03 12:02:42 [error]: PrismaClientInitializationError: Error querying the database: FATAL: Tenant or user not found
    at t (C:\Users\akshi\Videos\wild-main\backend\node_modules\@prisma\client\runtime\library.js:112:2488)
    at async startServer (C:\Users\akshi\Videos\wild-main\backend\src\server.js:13:5)
2026-04-03 12:03:44 [error]: PrismaClientInitializationError: Can't reach database server at `aws-1-ap-northeast-2.pooler.supabase.com:6543`

Please make sure your database server is running at `aws-1-ap-northeast-2.pooler.supabase.com:6543`.
    at t (C:\Users\akshi\Videos\wild-main\backend\node_modules\@prisma\client\runtime\library.js:112:2488)
    at async startServer (C:\Users\akshi\Videos\wild-main\backend\src\server.js:13:5)
2026-04-03 12:04:13 [error]: PrismaClientInitializationError: Can't reach database server at `aws-1-ap-northeast-2.pooler.supabase.com:6543`

Please make sure your database server is running at `aws-1-ap-northeast-2.pooler.supabase.com:6543`.
    at t (C:\Users\akshi\Videos\wild-main\backend\node_modules\@prisma\client\runtime\library.js:112:2488)
    at async startServer (C:\Users\akshi\Videos\wild-main\backend\src\server.js:13:5)
2026-04-03 12:05:42 [error]: PrismaClientInitializationError: Can't reach database server at `aws-1-ap-northeast-2.pooler.supabase.com:6543`

Please make sure your database server is running at `aws-1-ap-northeast-2.pooler.supabase.com:6543`.
    at t (C:\Users\akshi\Videos\wild-main\backend\node_modules\@prisma\client\runtime\library.js:112:2488)
    at async startServer (C:\Users\akshi\Videos\wild-main\backend\src\server.js:13:5)
