2026-04-05 23:09:55 [error]: PrismaClientInitializationError: Can't reach database server at `aws-1-ap-northeast-2.pooler.supabase.com:6543`

Please make sure your database server is running at `aws-1-ap-northeast-2.pooler.supabase.com:6543`.
    at t (C:\Users\akshi\Videos\wild-main\backend\node_modules\@prisma\client\runtime\library.js:112:2488)
    at async startServer (C:\Users\akshi\Videos\wild-main\backend\src\server.js:13:5)
2026-04-05 23:10:37 [error]: Error: CORS: http://localhost:3001 not allowed
    at origin (C:\Users\akshi\Videos\wild-main\backend\src\app.js:38:16)
    at C:\Users\akshi\Videos\wild-main\backend\node_modules\cors\lib\index.js:219:13
    at optionsCallback (C:\Users\akshi\Videos\wild-main\backend\node_modules\cors\lib\index.js:199:9)
    at corsMiddleware (C:\Users\akshi\Videos\wild-main\backend\node_modules\cors\lib\index.js:204:7)
    at Layer.handle [as handle_request] (C:\Users\akshi\Videos\wild-main\backend\node_modules\express\lib\router\layer.js:95:5)
    at trim_prefix (C:\Users\akshi\Videos\wild-main\backend\node_modules\express\lib\router\index.js:328:13)
    at C:\Users\akshi\Videos\wild-main\backend\node_modules\express\lib\router\index.js:286:9
    at Function.process_params (C:\Users\akshi\Videos\wild-main\backend\node_modules\express\lib\router\index.js:346:12)
    at next (C:\Users\akshi\Videos\wild-main\backend\node_modules\express\lib\router\index.js:280:10)
    at internalNext (C:\Users\akshi\Videos\wild-main\backend\node_modules\helmet\index.cjs:537:6)
2026-04-05 23:10:38 [error]: Error: CORS: http://localhost:3001 not allowed
    at origin (C:\Users\akshi\Videos\wild-main\backend\src\app.js:38:16)
    at C:\Users\akshi\Videos\wild-main\backend\node_modules\cors\lib\index.js:219:13
    at optionsCallback (C:\Users\akshi\Videos\wild-main\backend\node_modules\cors\lib\index.js:199:9)
    at corsMiddleware (C:\Users\akshi\Videos\wild-main\backend\node_modules\cors\lib\index.js:204:7)
    at Layer.handle [as handle_request] (C:\Users\akshi\Videos\wild-main\backend\node_modules\express\lib\router\layer.js:95:5)
    at trim_prefix (C:\Users\akshi\Videos\wild-main\backend\node_modules\express\lib\router\index.js:328:13)
    at C:\Users\akshi\Videos\wild-main\backend\node_modules\express\lib\router\index.js:286:9
    at Function.process_params (C:\Users\akshi\Videos\wild-main\backend\node_modules\express\lib\router\index.js:346:12)
    at next (C:\Users\akshi\Videos\wild-main\backend\node_modules\express\lib\router\index.js:280:10)
    at internalNext (C:\Users\akshi\Videos\wild-main\backend\node_modules\helmet\index.cjs:537:6)
2026-04-05 23:10:38 [error]: Error: CORS: http://localhost:3001 not allowed
    at origin (C:\Users\akshi\Videos\wild-main\backend\src\app.js:38:16)
    at C:\Users\akshi\Videos\wild-main\backend\node_modules\cors\lib\index.js:219:13
    at optionsCallback (C:\Users\akshi\Videos\wild-main\backend\node_modules\cors\lib\index.js:199:9)
    at corsMiddleware (C:\Users\akshi\Videos\wild-main\backend\node_modules\cors\lib\index.js:204:7)
    at Layer.handle [as handle_request] (C:\Users\akshi\Videos\wild-main\backend\node_modules\express\lib\router\layer.js:95:5)
    at trim_prefix (C:\Users\akshi\Videos\wild-main\backend\node_modules\express\lib\router\index.js:328:13)
    at C:\Users\akshi\Videos\wild-main\backend\node_modules\express\lib\router\index.js:286:9
    at Function.process_params (C:\Users\akshi\Videos\wild-main\backend\node_modules\express\lib\router\index.js:346:12)
    at next (C:\Users\akshi\Videos\wild-main\backend\node_modules\express\lib\router\index.js:280:10)
    at internalNext (C:\Users\akshi\Videos\wild-main\backend\node_modules\helmet\index.cjs:537:6)
2026-04-05 23:11:08 [error]: Error: CORS: http://localhost:3001 not allowed
    at origin (C:\Users\akshi\Videos\wild-main\backend\src\app.js:38:16)
    at C:\Users\akshi\Videos\wild-main\backend\node_modules\cors\lib\index.js:219:13
    at optionsCallback (C:\Users\akshi\Videos\wild-main\backend\node_modules\cors\lib\index.js:199:9)
    at corsMiddleware (C:\Users\akshi\Videos\wild-main\backend\node_modules\cors\lib\index.js:204:7)
    at Layer.handle [as handle_request] (C:\Users\akshi\Videos\wild-main\backend\node_modules\express\lib\router\layer.js:95:5)
    at trim_prefix (C:\Users\akshi\Videos\wild-main\backend\node_modules\express\lib\router\index.js:328:13)
    at C:\Users\akshi\Videos\wild-main\backend\node_modules\express\lib\router\index.js:286:9
    at Function.process_params (C:\Users\akshi\Videos\wild-main\backend\node_modules\express\lib\router\index.js:346:12)
    at next (C:\Users\akshi\Videos\wild-main\backend\node_modules\express\lib\router\index.js:280:10)
    at internalNext (C:\Users\akshi\Videos\wild-main\backend\node_modules\helmet\index.cjs:537:6)
2026-04-05 23:11:10 [error]: Error: CORS: http://localhost:3001 not allowed
    at origin (C:\Users\akshi\Videos\wild-main\backend\src\app.js:38:16)
    at C:\Users\akshi\Videos\wild-main\backend\node_modules\cors\lib\index.js:219:13
    at optionsCallback (C:\Users\akshi\Videos\wild-main\backend\node_modules\cors\lib\index.js:199:9)
    at corsMiddleware (C:\Users\akshi\Videos\wild-main\backend\node_modules\cors\lib\index.js:204:7)
    at Layer.handle [as handle_request] (C:\Users\akshi\Videos\wild-main\backend\node_modules\express\lib\router\layer.js:95:5)
    at trim_prefix (C:\Users\akshi\Videos\wild-main\backend\node_modules\express\lib\router\index.js:328:13)
    at C:\Users\akshi\Videos\wild-main\backend\node_modules\express\lib\router\index.js:286:9
    at Function.process_params (C:\Users\akshi\Videos\wild-main\backend\node_modules\express\lib\router\index.js:346:12)
    at next (C:\Users\akshi\Videos\wild-main\backend\node_modules\express\lib\router\index.js:280:10)
    at internalNext (C:\Users\akshi\Videos\wild-main\backend\node_modules\helmet\index.cjs:537:6)
2026-04-05 23:11:10 [error]: Error: CORS: http://localhost:3001 not allowed
    at origin (C:\Users\akshi\Videos\wild-main\backend\src\app.js:38:16)
    at C:\Users\akshi\Videos\wild-main\backend\node_modules\cors\lib\index.js:219:13
    at optionsCallback (C:\Users\akshi\Videos\wild-main\backend\node_modules\cors\lib\index.js:199:9)
    at corsMiddleware (C:\Users\akshi\Videos\wild-main\backend\node_modules\cors\lib\index.js:204:7)
    at Layer.handle [as handle_request] (C:\Users\akshi\Videos\wild-main\backend\node_modules\express\lib\router\layer.js:95:5)
    at trim_prefix (C:\Users\akshi\Videos\wild-main\backend\node_modules\express\lib\router\index.js:328:13)
    at C:\Users\akshi\Videos\wild-main\backend\node_modules\express\lib\router\index.js:286:9
    at Function.process_params (C:\Users\akshi\Videos\wild-main\backend\node_modules\express\lib\router\index.js:346:12)
    at next (C:\Users\akshi\Videos\wild-main\backend\node_modules\express\lib\router\index.js:280:10)
    at internalNext (C:\Users\akshi\Videos\wild-main\backend\node_modules\helmet\index.cjs:537:6)
