2026-04-08 11:04:27 [error]: Error: CORS: http://localhost:3002 not allowed
    at origin (C:\Users\akshi\Videos\wild-main\backend\src\app.js:40:16)
    at C:\Users\akshi\Videos\wild-main\backend\node_modules\cors\lib\index.js:219:13
    at optionsCallback (C:\Users\akshi\Videos\wild-main\backend\node_modules\cors\lib\index.js:199:9)
    at corsMiddleware (C:\Users\akshi\Videos\wild-main\backend\node_modules\cors\lib\index.js:204:7)
    at Layer.handle [as handle_request] (C:\Users\akshi\Videos\wild-main\backend\node_modules\express\lib\router\layer.js:95:5)
    at trim_prefix (C:\Users\akshi\Videos\wild-main\backend\node_modules\express\lib\router\index.js:328:13)
    at C:\Users\akshi\Videos\wild-main\backend\node_modules\express\lib\router\index.js:286:9
    at Function.process_params (C:\Users\akshi\Videos\wild-main\backend\node_modules\express\lib\router\index.js:346:12)
    at next (C:\Users\akshi\Videos\wild-main\backend\node_modules\express\lib\router\index.js:280:10)
    at internalNext (C:\Users\akshi\Videos\wild-main\backend\node_modules\helmet\index.cjs:537:6)
2026-04-08 11:04:27 [error]: Error: CORS: http://localhost:3002 not allowed
    at origin (C:\Users\akshi\Videos\wild-main\backend\src\app.js:40:16)
    at C:\Users\akshi\Videos\wild-main\backend\node_modules\cors\lib\index.js:219:13
    at optionsCallback (C:\Users\akshi\Videos\wild-main\backend\node_modules\cors\lib\index.js:199:9)
    at corsMiddleware (C:\Users\akshi\Videos\wild-main\backend\node_modules\cors\lib\index.js:204:7)
    at Layer.handle [as handle_request] (C:\Users\akshi\Videos\wild-main\backend\node_modules\express\lib\router\layer.js:95:5)
    at trim_prefix (C:\Users\akshi\Videos\wild-main\backend\node_modules\express\lib\router\index.js:328:13)
    at C:\Users\akshi\Videos\wild-main\backend\node_modules\express\lib\router\index.js:286:9
    at Function.process_params (C:\Users\akshi\Videos\wild-main\backend\node_modules\express\lib\router\index.js:346:12)
    at next (C:\Users\akshi\Videos\wild-main\backend\node_modules\express\lib\router\index.js:280:10)
    at internalNext (C:\Users\akshi\Videos\wild-main\backend\node_modules\helmet\index.cjs:537:6)
2026-04-08 11:04:27 [error]: Error: CORS: http://localhost:3002 not allowed
    at origin (C:\Users\akshi\Videos\wild-main\backend\src\app.js:40:16)
    at C:\Users\akshi\Videos\wild-main\backend\node_modules\cors\lib\index.js:219:13
    at optionsCallback (C:\Users\akshi\Videos\wild-main\backend\node_modules\cors\lib\index.js:199:9)
    at corsMiddleware (C:\Users\akshi\Videos\wild-main\backend\node_modules\cors\lib\index.js:204:7)
    at Layer.handle [as handle_request] (C:\Users\akshi\Videos\wild-main\backend\node_modules\express\lib\router\layer.js:95:5)
    at trim_prefix (C:\Users\akshi\Videos\wild-main\backend\node_modules\express\lib\router\index.js:328:13)
    at C:\Users\akshi\Videos\wild-main\backend\node_modules\express\lib\router\index.js:286:9
    at Function.process_params (C:\Users\akshi\Videos\wild-main\backend\node_modules\express\lib\router\index.js:346:12)
    at next (C:\Users\akshi\Videos\wild-main\backend\node_modules\express\lib\router\index.js:280:10)
    at internalNext (C:\Users\akshi\Videos\wild-main\backend\node_modules\helmet\index.cjs:537:6)
2026-04-08 11:05:03 [error]: Error: CORS: http://localhost:3002 not allowed
    at origin (C:\Users\akshi\Videos\wild-main\backend\src\app.js:40:16)
    at C:\Users\akshi\Videos\wild-main\backend\node_modules\cors\lib\index.js:219:13
    at optionsCallback (C:\Users\akshi\Videos\wild-main\backend\node_modules\cors\lib\index.js:199:9)
    at corsMiddleware (C:\Users\akshi\Videos\wild-main\backend\node_modules\cors\lib\index.js:204:7)
    at Layer.handle [as handle_request] (C:\Users\akshi\Videos\wild-main\backend\node_modules\express\lib\router\layer.js:95:5)
    at trim_prefix (C:\Users\akshi\Videos\wild-main\backend\node_modules\express\lib\router\index.js:328:13)
    at C:\Users\akshi\Videos\wild-main\backend\node_modules\express\lib\router\index.js:286:9
    at Function.process_params (C:\Users\akshi\Videos\wild-main\backend\node_modules\express\lib\router\index.js:346:12)
    at next (C:\Users\akshi\Videos\wild-main\backend\node_modules\express\lib\router\index.js:280:10)
    at internalNext (C:\Users\akshi\Videos\wild-main\backend\node_modules\helmet\index.cjs:537:6)
2026-04-08 11:05:03 [error]: Error: CORS: http://localhost:3002 not allowed
    at origin (C:\Users\akshi\Videos\wild-main\backend\src\app.js:40:16)
    at C:\Users\akshi\Videos\wild-main\backend\node_modules\cors\lib\index.js:219:13
    at optionsCallback (C:\Users\akshi\Videos\wild-main\backend\node_modules\cors\lib\index.js:199:9)
    at corsMiddleware (C:\Users\akshi\Videos\wild-main\backend\node_modules\cors\lib\index.js:204:7)
    at Layer.handle [as handle_request] (C:\Users\akshi\Videos\wild-main\backend\node_modules\express\lib\router\layer.js:95:5)
    at trim_prefix (C:\Users\akshi\Videos\wild-main\backend\node_modules\express\lib\router\index.js:328:13)
    at C:\Users\akshi\Videos\wild-main\backend\node_modules\express\lib\router\index.js:286:9
    at Function.process_params (C:\Users\akshi\Videos\wild-main\backend\node_modules\express\lib\router\index.js:346:12)
    at next (C:\Users\akshi\Videos\wild-main\backend\node_modules\express\lib\router\index.js:280:10)
    at internalNext (C:\Users\akshi\Videos\wild-main\backend\node_modules\helmet\index.cjs:537:6)
2026-04-08 11:05:03 [error]: Error: CORS: http://localhost:3002 not allowed
    at origin (C:\Users\akshi\Videos\wild-main\backend\src\app.js:40:16)
    at C:\Users\akshi\Videos\wild-main\backend\node_modules\cors\lib\index.js:219:13
    at optionsCallback (C:\Users\akshi\Videos\wild-main\backend\node_modules\cors\lib\index.js:199:9)
    at corsMiddleware (C:\Users\akshi\Videos\wild-main\backend\node_modules\cors\lib\index.js:204:7)
    at Layer.handle [as handle_request] (C:\Users\akshi\Videos\wild-main\backend\node_modules\express\lib\router\layer.js:95:5)
    at trim_prefix (C:\Users\akshi\Videos\wild-main\backend\node_modules\express\lib\router\index.js:328:13)
    at C:\Users\akshi\Videos\wild-main\backend\node_modules\express\lib\router\index.js:286:9
    at Function.process_params (C:\Users\akshi\Videos\wild-main\backend\node_modules\express\lib\router\index.js:346:12)
    at next (C:\Users\akshi\Videos\wild-main\backend\node_modules\express\lib\router\index.js:280:10)
    at internalNext (C:\Users\akshi\Videos\wild-main\backend\node_modules\helmet\index.cjs:537:6)
2026-04-08 14:01:14 [error]: PrismaClientInitializationError: Can't reach database server at `aws-1-ap-northeast-2.pooler.supabase.com:5432`

Please make sure your database server is running at `aws-1-ap-northeast-2.pooler.supabase.com:5432`.
    at t (C:\Users\akshi\Videos\wild-main\backend\node_modules\@prisma\client\runtime\library.js:112:2488)
    at async startServer (C:\Users\akshi\Videos\wild-main\backend\src\server.js:13:5)
2026-04-08 14:06:10 [error]: PrismaClientKnownRequestError: 
Invalid `prisma.hotel.create()` invocation in
C:\Users\akshi\Videos\wild-main\backend\src\controllers\hotelController.js:18:38

  15 async function createHotel(req, res, next) {
  16   try {
  17     const { name, img, tag, desc, sortOrder } = req.body;
→ 18     const hotel = await prisma.hotel.create(
The table `public.hotels` does not exist in the current database.
    at $n.handleRequestError (C:\Users\akshi\Videos\wild-main\backend\node_modules\@prisma\client\runtime\library.js:121:7315)
    at $n.handleAndLogRequestError (C:\Users\akshi\Videos\wild-main\backend\node_modules\@prisma\client\runtime\library.js:121:6623)
    at $n.request (C:\Users\akshi\Videos\wild-main\backend\node_modules\@prisma\client\runtime\library.js:121:6307)
    at async l (C:\Users\akshi\Videos\wild-main\backend\node_modules\@prisma\client\runtime\library.js:130:9633)
    at async createHotel (C:\Users\akshi\Videos\wild-main\backend\src\controllers\hotelController.js:18:19)
2026-04-08 14:48:29 [error]: PrismaClientValidationError: 
Invalid `prisma.hotel.create()` invocation in
C:\Users\akshi\Videos\wild-main\backend\src\controllers\hotelController.js:18:38

  15 async function createHotel(req, res, next) {
  16   try {
  17     const { name, img, tag, desc, sortOrder } = req.body;
→ 18     const hotel = await prisma.hotel.create({
           data: {
             name: "Taj Sawai Ranthambore",
             img: "https://cdn.sanity.io/images/ocl5w36p/prod5/a3eff208889dfdf72b209b175ee730d732a92a43-3840x1860.jpg?w=768&auto=format&dpr=2",
             tag: "Luxury",
             desc: "Iconic 5-star luxury resort by Taj, offering royal tents, impeccable service, and breathtaking views of the Aravalli hills and Ranthambore wilderness.",
             sortOrder: "6"
                        ~~~
           }
         })

Argument `sortOrder`: Invalid value provided. Expected Int, provided String.
    at wn (C:\Users\akshi\Videos\wild-main\backend\node_modules\@prisma\client\runtime\library.js:29:1363)
    at $n.handleRequestError (C:\Users\akshi\Videos\wild-main\backend\node_modules\@prisma\client\runtime\library.js:121:6958)
    at $n.handleAndLogRequestError (C:\Users\akshi\Videos\wild-main\backend\node_modules\@prisma\client\runtime\library.js:121:6623)
    at $n.request (C:\Users\akshi\Videos\wild-main\backend\node_modules\@prisma\client\runtime\library.js:121:6307)
    at async l (C:\Users\akshi\Videos\wild-main\backend\node_modules\@prisma\client\runtime\library.js:130:9633)
    at async createHotel (C:\Users\akshi\Videos\wild-main\backend\src\controllers\hotelController.js:18:19)
2026-04-08 14:58:00 [error]: PrismaClientValidationError: 
Invalid `prisma.hotel.create()` invocation in
C:\Users\akshi\Videos\wild-main\backend\src\controllers\hotelController.js:18:38

  15 async function createHotel(req, res, next) {
  16   try {
  17     const { name, img, tag, desc, sortOrder } = req.body;
→ 18     const hotel = await prisma.hotel.create({
           data: {
             name: "Akshit Kumar",
             img: "https://cdn.sanity.io/images/ocl5w36p/prod5/a3eff208889dfdf72b209b175ee730d732a92a43-3840x1860.jpg?w=768&auto=format&dpr=2",
             tag: "Luxury",
             desc: "You can now view wildlife-safari-admin in the browser.\n\n  Local:            http://localhost:3000\n  On Your Network:  http://172.16.0.2:3000\n\nNote that the development build is not optimized.    \nTo create a production build, use npm run build.     \n\nwebpack compiled successfully",
             sortOrder: "4"
                        ~~~
           }
         })

Argument `sortOrder`: Invalid value provided. Expected Int, provided String.
    at wn (C:\Users\akshi\Videos\wild-main\backend\node_modules\@prisma\client\runtime\library.js:29:1363)
    at $n.handleRequestError (C:\Users\akshi\Videos\wild-main\backend\node_modules\@prisma\client\runtime\library.js:121:6958)
    at $n.handleAndLogRequestError (C:\Users\akshi\Videos\wild-main\backend\node_modules\@prisma\client\runtime\library.js:121:6623)
    at $n.request (C:\Users\akshi\Videos\wild-main\backend\node_modules\@prisma\client\runtime\library.js:121:6307)
    at async l (C:\Users\akshi\Videos\wild-main\backend\node_modules\@prisma\client\runtime\library.js:130:9633)
    at async createHotel (C:\Users\akshi\Videos\wild-main\backend\src\controllers\hotelController.js:18:19)
2026-04-08 14:58:52 [error]: PrismaClientValidationError: 
Invalid `prisma.hotel.create()` invocation in
C:\Users\akshi\Videos\wild-main\backend\src\controllers\hotelController.js:18:38

  15 async function createHotel(req, res, next) {
  16   try {
  17     const { name, img, tag, desc, sortOrder } = req.body;
→ 18     const hotel = await prisma.hotel.create({
           data: {
             name: "Akshit Kumar",
             img: "https://cdn.sanity.io/images/ocl5w36p/prod5/a3eff208889dfdf72b209b175ee730d732a92a43-3840x1860.jpg?w=768&auto=format&dpr=2",
             tag: "Luxury",
             desc: "You can now view wildlife-safari-admin in the browser.\n\n  Local:            http://localhost:3000\n  On Your Network:  http://172.16.0.2:3000\n\nNote that the development build is not optimized.    \nTo create a production build, use npm run build.     \n\nwebpack compiled successfully",
             sortOrder: "8"
                        ~~~
           }
         })

Argument `sortOrder`: Invalid value provided. Expected Int, provided String.
    at wn (C:\Users\akshi\Videos\wild-main\backend\node_modules\@prisma\client\runtime\library.js:29:1363)
    at $n.handleRequestError (C:\Users\akshi\Videos\wild-main\backend\node_modules\@prisma\client\runtime\library.js:121:6958)
    at $n.handleAndLogRequestError (C:\Users\akshi\Videos\wild-main\backend\node_modules\@prisma\client\runtime\library.js:121:6623)
    at $n.request (C:\Users\akshi\Videos\wild-main\backend\node_modules\@prisma\client\runtime\library.js:121:6307)
    at async l (C:\Users\akshi\Videos\wild-main\backend\node_modules\@prisma\client\runtime\library.js:130:9633)
    at async createHotel (C:\Users\akshi\Videos\wild-main\backend\src\controllers\hotelController.js:18:19)
2026-04-08 14:59:28 [error]: PrismaClientValidationError: 
Invalid `prisma.hotel.create()` invocation in
C:\Users\akshi\Videos\wild-main\backend\src\controllers\hotelController.js:18:38

  15 async function createHotel(req, res, next) {
  16   try {
  17     const { name, img, tag, desc, sortOrder } = req.body;
→ 18     const hotel = await prisma.hotel.create({
           data: {
             name: "You can now view wildlife-safari-admin in the browser.    Local:            http://localhost:3000   On Your Network:  http://172.16.0.2:3000  Note that the development build is not optimized.     To create a production build, use npm run build.       webpack compiled successfully",
             img: "https://cdn.sanity.io/images/ocl5w36p/prod5/a3eff208889dfdf72b209b175ee730d732a92a43-3840x1860.jpg?w=768&auto=format&dpr=2",
             tag: "Luxury",
             desc: "You can now view wildlife-safari-admin in the browser.\n\n  Local:            http://localhost:3000\n  On Your Network:  http://172.16.0.2:3000\n\nNote that the development build is not optimized.    \nTo create a production build, use npm run build.     \n\nwebpack compiled successfully",
             sortOrder: "8"
                        ~~~
           }
         })

Argument `sortOrder`: Invalid value provided. Expected Int, provided String.
    at wn (C:\Users\akshi\Videos\wild-main\backend\node_modules\@prisma\client\runtime\library.js:29:1363)
    at $n.handleRequestError (C:\Users\akshi\Videos\wild-main\backend\node_modules\@prisma\client\runtime\library.js:121:6958)
    at $n.handleAndLogRequestError (C:\Users\akshi\Videos\wild-main\backend\node_modules\@prisma\client\runtime\library.js:121:6623)
    at $n.request (C:\Users\akshi\Videos\wild-main\backend\node_modules\@prisma\client\runtime\library.js:121:6307)
    at async l (C:\Users\akshi\Videos\wild-main\backend\node_modules\@prisma\client\runtime\library.js:130:9633)
    at async createHotel (C:\Users\akshi\Videos\wild-main\backend\src\controllers\hotelController.js:18:19)
2026-04-08 15:01:48 [error]: PrismaClientKnownRequestError: 
Invalid `prisma.booking.count()` invocation in
C:\Users\akshi\Videos\wild-main\backend\src\controllers\bookingController.js:214:22

  211 async function getBookingStats(req, res, next) {
  212   try {
  213     const [total, confirmed, pending, cancelled] = await Promise.all([
→ 214       prisma.booking.count(
Can't reach database server at `aws-1-ap-northeast-2.pooler.supabase.com:5432`

Please make sure your database server is running at `aws-1-ap-northeast-2.pooler.supabase.com:5432`.
    at $n.handleRequestError (C:\Users\akshi\Videos\wild-main\backend\node_modules\@prisma\client\runtime\library.js:121:7315)
    at $n.handleAndLogRequestError (C:\Users\akshi\Videos\wild-main\backend\node_modules\@prisma\client\runtime\library.js:121:6623)
    at $n.request (C:\Users\akshi\Videos\wild-main\backend\node_modules\@prisma\client\runtime\library.js:121:6307)
    at async l (C:\Users\akshi\Videos\wild-main\backend\node_modules\@prisma\client\runtime\library.js:130:9633)
    at async Promise.all (index 0)
    at async getBookingStats (C:\Users\akshi\Videos\wild-main\backend\src\controllers\bookingController.js:213:52)
2026-04-08 15:01:59 [error]: PrismaClientValidationError: 
Invalid `prisma.hotel.create()` invocation in
C:\Users\akshi\Videos\wild-main\backend\src\controllers\hotelController.js:18:38

  15 async function createHotel(req, res, next) {
  16   try {
  17     const { name, img, tag, desc, sortOrder } = req.body;
→ 18     const hotel = await prisma.hotel.create({
           data: {
             name: "Akshit Kumar",
             img: "https://cdn.sanity.io/images/ocl5w36p/prod5/a3eff208889dfdf72b209b175ee730d732a92a43-3840x1860.jpg?w=768&auto=format&dpr=2",
             tag: "Luxury",
             desc: "cacac",
             sortOrder: "8"
                        ~~~
           }
         })

Argument `sortOrder`: Invalid value provided. Expected Int, provided String.
    at wn (C:\Users\akshi\Videos\wild-main\backend\node_modules\@prisma\client\runtime\library.js:29:1363)
    at $n.handleRequestError (C:\Users\akshi\Videos\wild-main\backend\node_modules\@prisma\client\runtime\library.js:121:6958)
    at $n.handleAndLogRequestError (C:\Users\akshi\Videos\wild-main\backend\node_modules\@prisma\client\runtime\library.js:121:6623)
    at $n.request (C:\Users\akshi\Videos\wild-main\backend\node_modules\@prisma\client\runtime\library.js:121:6307)
    at async l (C:\Users\akshi\Videos\wild-main\backend\node_modules\@prisma\client\runtime\library.js:130:9633)
    at async createHotel (C:\Users\akshi\Videos\wild-main\backend\src\controllers\hotelController.js:18:19)
2026-04-08 15:04:05 [error]: PrismaClientKnownRequestError: 
Invalid `prisma.admin.findUnique()` invocation in
C:\Users\akshi\Videos\wild-main\backend\src\controllers\adminController.js:12:38

   9 try {
  10   const { email, password } = req.body;
  11 
→ 12   const admin = await prisma.admin.findUnique(
Can't reach database server at `aws-1-ap-northeast-2.pooler.supabase.com:5432`

Please make sure your database server is running at `aws-1-ap-northeast-2.pooler.supabase.com:5432`.
    at $n.handleRequestError (C:\Users\akshi\Videos\wild-main\backend\node_modules\@prisma\client\runtime\library.js:121:7315)
    at $n.handleAndLogRequestError (C:\Users\akshi\Videos\wild-main\backend\node_modules\@prisma\client\runtime\library.js:121:6623)
    at $n.request (C:\Users\akshi\Videos\wild-main\backend\node_modules\@prisma\client\runtime\library.js:121:6307)
    at async l (C:\Users\akshi\Videos\wild-main\backend\node_modules\@prisma\client\runtime\library.js:130:9633)
    at async login (C:\Users\akshi\Videos\wild-main\backend\src\controllers\adminController.js:12:19)
